<?xml version="1.0" encoding="UTF-8"?>
<testng-results ignored="0" total="3" passed="3" failed="0" skipped="0">
  <reporter-output>
  </reporter-output>
  <suite started-at="2022-05-06T08:27:40Z" name="Default suite" finished-at="2022-05-06T08:27:44Z" duration-ms="4536">
    <groups>
    </groups>
    <test started-at="2022-05-06T08:27:40Z" name="Default test" finished-at="2022-05-06T08:27:44Z" duration-ms="4536">
      <class name="com.testCases.DataProvider01">
        <test-method signature="test(java.lang.String, java.lang.String)[pri:0, instance:com.testCases.DataProvider01@34bde49d]" started-at="2022-05-06T08:27:40Z" name="test" data-provider="login" finished-at="2022-05-06T08:27:43Z" duration-ms="3140" status="PASS">
          <params>
            <param index="0">
              <value>
                <![CDATA[eve.holt@reqres.in]]>
              </value>
            </param>
            <param index="1">
              <value>
                <![CDATA[cityslicka]]>
              </value>
            </param>
          </params>
          <reporter-output>
          </reporter-output>
        </test-method> <!-- test -->
        <test-method signature="test(java.lang.String, java.lang.String)[pri:0, instance:com.testCases.DataProvider01@34bde49d]" started-at="2022-05-06T08:27:43Z" name="test" data-provider="login" finished-at="2022-05-06T08:27:43Z" duration-ms="628" status="PASS">
          <params>
            <param index="0">
              <value>
                <![CDATA[eve.holt@reqres.in]]>
              </value>
            </param>
            <param index="1">
              <value>
                <![CDATA[pistol]]>
              </value>
            </param>
          </params>
          <reporter-output>
          </reporter-output>
        </test-method> <!-- test -->
        <test-method signature="test(java.lang.String, java.lang.String)[pri:0, instance:com.testCases.DataProvider01@34bde49d]" started-at="2022-05-06T08:27:43Z" name="test" data-provider="login" finished-at="2022-05-06T08:27:44Z" duration-ms="711" status="PASS">
          <params>
            <param index="0">
              <value>
                <![CDATA[eve.holt@reqres.in]]>
              </value>
            </param>
            <param index="1">
              <value>
                <![CDATA[france32]]>
              </value>
            </param>
          </params>
          <reporter-output>
          </reporter-output>
        </test-method> <!-- test -->
      </class> <!-- com.testCases.DataProvider01 -->
    </test> <!-- Default test -->
  </suite> <!-- Default suite -->
</testng-results>
