<?xml version="1.0" encoding="UTF-8"?>
<!-- Generated by org.testng.reporters.JUnitXMLReporter -->
<testsuite ignored="0" hostname="HYDPCM536291L" failures="0" tests="3" name="Default test" time="4.536" errors="0" timestamp="06 May 2022 08:27:44 GMT">
  <testcase classname="com.testCases.DataProvider01" name="test" time="3.14"/>
  <testcase classname="com.testCases.DataProvider01" name="test" time="0.628"/>
  <testcase classname="com.testCases.DataProvider01" name="test" time="0.711"/>
</testsuite> <!-- Default test -->
